2025-09-27 23:14:32,365 - __main__ - INFO - Загрузка данных...
2025-09-27 23:14:32,366 - src.utils - INFO - Загрузка данных из data/operations.xlsx
2025-09-27 23:14:32,622 - src.utils - INFO - Успешно загружено 1000 транзакций
2025-09-27 23:14:32,623 - __main__ - INFO - Данные успешно загружены
2025-09-27 23:14:32,623 - src.utils - INFO - Загрузка данных из data/operations.xlsx
2025-09-27 23:14:32,747 - src.utils - INFO - Успешно загружено 1000 транзакций
2025-09-27 23:14:32,748 - src.utils - INFO - Отфильтровано 0 транзакций за период 2025-09-01 - 2025-09-27
2025-09-27 23:14:34,849 - src.utils - INFO - Загрузка данных из data/operations.xlsx
2025-09-27 23:14:34,978 - src.utils - INFO - Успешно загружено 1000 транзакций
2025-09-27 23:14:34,979 - src.utils - INFO - Отфильтровано 0 транзакций за период 2025-09-01 - 2025-09-27
2025-09-27 23:14:34,980 - src.api_client - INFO - Using cached currency rates
2025-09-27 23:14:34,981 - src.api_client - INFO - Using cached stock prices
2025-09-27 23:23:25,440 - __main__ - INFO - Загрузка данных...
2025-09-27 23:23:25,440 - src.utils - INFO - Загрузка данных из data/operations.xlsx
2025-09-27 23:23:25,684 - src.utils - INFO - Успешно загружено 1000 транзакций
2025-09-27 23:23:25,685 - __main__ - INFO - Данные успешно загружены
2025-09-27 23:23:25,685 - src.utils - INFO - Загрузка данных из data/operations.xlsx
2025-09-27 23:23:25,812 - src.utils - INFO - Успешно загружено 1000 транзакций
2025-09-27 23:23:25,813 - src.utils - INFO - Отфильтровано 0 транзакций за период 2025-09-01 - 2025-09-27
2025-09-27 23:23:28,055 - src.api_client - INFO - Using fallback stock prices
2025-09-27 23:23:28,057 - src.utils - INFO - Загрузка данных из data/operations.xlsx
2025-09-27 23:23:28,182 - src.utils - INFO - Успешно загружено 1000 транзакций
2025-09-27 23:23:28,183 - src.utils - INFO - Отфильтровано 0 транзакций за период 2025-09-01 - 2025-09-27
2025-09-27 23:23:28,184 - src.api_client - INFO - Using cached currency rates
2025-09-27 23:23:29,450 - src.api_client - INFO - Using fallback stock prices
2025-09-27 23:30:07,421 - __main__ - INFO - Загрузка данных...
2025-09-27 23:30:07,422 - src.utils - INFO - Загрузка данных из data/operations.xlsx
2025-09-27 23:30:07,670 - src.utils - INFO - Успешно загружено 1000 транзакций
2025-09-27 23:30:07,671 - __main__ - INFO - Данные успешно загружены
2025-09-27 23:30:07,671 - __main__ - ERROR - Ошибка приложения: name 'ReportGenerator' is not defined
2025-09-27 23:38:33,025 - __main__ - INFO - Загрузка данных...
2025-09-27 23:38:33,026 - src.utils - INFO - Загрузка данных из data/operations.xlsx
2025-09-27 23:38:33,269 - src.utils - INFO - Успешно загружено 1000 транзакций
2025-09-27 23:38:33,270 - __main__ - INFO - Данные успешно загружены
2025-09-27 23:38:33,493 - src.utils - INFO - Загрузка данных из data/operations.xlsx
2025-09-27 23:38:33,620 - src.utils - INFO - Успешно загружено 1000 транзакций
2025-09-27 23:38:33,622 - src.utils - INFO - Отфильтровано 0 транзакций за период 2025-09-01 - 2025-09-27
2025-09-27 23:38:37,571 - src.api_client - INFO - Using fallback stock prices
2025-09-27 23:38:37,573 - src.utils - INFO - Загрузка данных из data/operations.xlsx
2025-09-27 23:38:37,700 - src.utils - INFO - Успешно загружено 1000 транзакций
2025-09-27 23:38:37,701 - src.utils - INFO - Отфильтровано 0 транзакций за период 2025-09-01 - 2025-09-27
2025-09-27 23:38:37,703 - src.api_client - INFO - Using cached currency rates
2025-09-27 23:38:41,146 - src.api_client - INFO - Using fallback stock prices
2025-09-27 23:39:37,249 - __main__ - INFO - Загрузка данных...
2025-09-27 23:39:37,249 - src.utils - INFO - Загрузка данных из data/operations.xlsx
2025-09-27 23:39:37,518 - src.utils - INFO - Успешно загружено 1000 транзакций
2025-09-27 23:39:37,518 - __main__ - INFO - Данные успешно загружены
2025-09-27 23:39:37,741 - src.utils - INFO - Загрузка данных из data/operations.xlsx
2025-09-27 23:39:37,869 - src.utils - INFO - Успешно загружено 1000 транзакций
2025-09-27 23:39:37,871 - src.utils - INFO - Отфильтровано 0 транзакций за период 2025-09-01 - 2025-09-27
2025-09-27 23:39:42,148 - src.api_client - INFO - Using fallback stock prices
2025-09-27 23:39:42,150 - src.utils - INFO - Загрузка данных из data/operations.xlsx
2025-09-27 23:39:42,279 - src.utils - INFO - Успешно загружено 1000 транзакций
2025-09-27 23:39:42,280 - src.utils - INFO - Отфильтровано 0 транзакций за период 2025-09-01 - 2025-09-27
2025-09-27 23:39:42,282 - src.api_client - INFO - Using cached currency rates
2025-09-27 23:39:46,372 - src.api_client - INFO - Using fallback stock prices
2025-09-27 23:39:57,888 - __main__ - INFO - Загрузка данных...
2025-09-27 23:39:57,889 - src.utils - INFO - Загрузка данных из data/operations.xlsx
2025-09-27 23:39:58,139 - src.utils - INFO - Успешно загружено 1000 транзакций
2025-09-27 23:39:58,140 - __main__ - INFO - Данные успешно загружены
2025-09-27 23:39:58,145 - src.reports - INFO - Отчет сохранен в reports/spending_by_category_20250927_233958.json
2025-09-27 23:39:58,148 - src.reports - INFO - Отчет сохранен в reports/spending_by_weekday_20250927_233958.json
2025-09-27 23:39:58,150 - src.reports - INFO - Отчет сохранен в reports/spending_by_workday_20250927_233958.json
2025-09-27 23:39:58,151 - src.reports - INFO - Отчет сохранен в reports/monthly_summary_20250927_233958.json
2025-09-27 23:40:18,779 - __main__ - INFO - Загрузка данных...
2025-09-27 23:40:18,779 - src.utils - INFO - Загрузка данных из data/operations.xlsx
2025-09-27 23:40:19,028 - src.utils - INFO - Успешно загружено 1000 транзакций
2025-09-27 23:40:19,028 - __main__ - INFO - Данные успешно загружены
2025-09-27 23:40:19,029 - src.services - INFO - Вызов сервиса profitable_cashback_categories
2025-09-27 23:40:19,031 - src.services - WARNING - Нет данных за 9/2025
2025-09-27 23:40:19,031 - src.services - INFO - Сервис profitable_cashback_categories выполнен успешно
2025-09-27 23:40:19,038 - src.services - INFO - Вызов сервиса investment_bank
2025-09-27 23:40:19,038 - src.services - WARNING - Некорректные данные в транзакции
2025-09-27 23:40:19,038 - src.services - WARNING - Некорректные данные в транзакции
2025-09-27 23:40:19,038 - src.services - WARNING - Некорректные данные в транзакции
2025-09-27 23:40:19,038 - src.services - WARNING - Некорректные данные в транзакции
2025-09-27 23:40:19,038 - src.services - WARNING - Некорректные данные в транзакции
2025-09-27 23:40:19,038 - src.services - WARNING - Некорректные данные в транзакции
2025-09-27 23:40:19,038 - src.services - WARNING - Некорректные данные в транзакции
2025-09-27 23:40:19,038 - src.services - WARNING - Некорректные данные в транзакции
2025-09-27 23:40:19,039 - src.services - WARNING - Некорректные данные в транзакции
2025-09-27 23:40:19,039 - src.services - WARNING - Некорректные данные в транзакции
2025-09-27 23:40:19,039 - src.services - WARNING - Некорректные данные в транзакции
2025-09-27 23:40:19,039 - src.services - WARNING - Некорректные данные в транзакции
2025-09-27 23:40:19,039 - src.services - WARNING - Некорректные данные в транзакции
2025-09-27 23:40:19,039 - src.services - WARNING - Некорректные данные в транзакции
2025-09-27 23:40:19,039 - src.services - WARNING - Некорректные данные в транзакции
2025-09-27 23:40:19,039 - src.services - WARNING - Некорректные данные в транзакции
2025-09-27 23:40:19,039 - src.services - WARNING - Некорректные данные в транзакции
2025-09-27 23:40:19,039 - src.services - WARNING - Некорректные данные в транзакции
2025-09-27 23:40:19,039 - src.services - WARNING - Некорректные данные в транзакции
2025-09-27 23:40:19,039 - src.services - WARNING - Некорректные данные в транзакции
2025-09-27 23:40:19,039 - src.services - WARNING - Некорректные данные в транзакции
2025-09-27 23:40:19,040 - src.services - WARNING - Некорректные данные в транзакции
2025-09-27 23:40:19,040 - src.services - WARNING - Некорректные данные в транзакции
2025-09-27 23:40:19,040 - src.services - WARNING - Некорректные данные в транзакции
2025-09-27 23:40:19,040 - src.services - WARNING - Некорректные данные в транзакции
2025-09-27 23:40:19,040 - src.services - WARNING - Некорректные данные в транзакции
2025-09-27 23:40:19,040 - src.services - WARNING - Некорректные данные в транзакции
2025-09-27 23:40:19,040 - src.services - WARNING - Некорректные данные в транзакции
2025-09-27 23:40:19,040 - src.services - WARNING - Некорректные данные в транзакции
2025-09-27 23:40:19,040 - src.services - WARNING - Некорректные данные в транзакции
2025-09-27 23:40:19,040 - src.services - WARNING - Некорректные данные в транзакции
2025-09-27 23:40:19,040 - src.services - WARNING - Некорректные данные в транзакции
2025-09-27 23:40:19,040 - src.services - WARNING - Некорректные данные в транзакции
2025-09-27 23:40:19,040 - src.services - WARNING - Некорректные данные в транзакции
2025-09-27 23:40:19,040 - src.services - WARNING - Некорректные данные в транзакции
2025-09-27 23:40:19,041 - src.services - WARNING - Некорректные данные в транзакции
2025-09-27 23:40:19,041 - src.services - WARNING - Некорректные данные в транзакции
2025-09-27 23:40:19,041 - src.services - WARNING - Некорректные данные в транзакции
2025-09-27 23:40:19,041 - src.services - WARNING - Некорректные данные в транзакции
2025-09-27 23:40:19,041 - src.services - WARNING - Некорректные данные в транзакции
2025-09-27 23:40:19,041 - src.services - WARNING - Некорректные данные в транзакции
2025-09-27 23:40:19,041 - src.services - WARNING - Некорректные данные в транзакции
2025-09-27 23:40:19,041 - src.services - WARNING - Некорректные данные в транзакции
2025-09-27 23:40:19,041 - src.services - WARNING - Некорректные данные в транзакции
2025-09-27 23:40:19,041 - src.services - WARNING - Некорректные данные в транзакции
2025-09-27 23:40:19,041 - src.services - WARNING - Некорректные данные в транзакции
2025-09-27 23:40:19,041 - src.services - WARNING - Некорректные данные в транзакции
2025-09-27 23:40:19,041 - src.services - WARNING - Некорректные данные в транзакции
2025-09-27 23:40:19,041 - src.services - WARNING - Некорректные данные в транзакции
2025-09-27 23:40:19,041 - src.services - WARNING - Некорректные данные в транзакции
2025-09-27 23:40:19,042 - src.services - WARNING - Некорректные данные в транзакции
2025-09-27 23:40:19,042 - src.services - WARNING - Некорректные данные в транзакции
2025-09-27 23:40:19,042 - src.services - WARNING - Некорректные данные в транзакции
2025-09-27 23:40:19,042 - src.services - WARNING - Некорректные данные в транзакции
2025-09-27 23:40:19,042 - src.services - WARNING - Некорректные данные в транзакции
2025-09-27 23:40:19,042 - src.services - WARNING - Некорректные данные в транзакции
2025-09-27 23:40:19,042 - src.services - WARNING - Некорректные данные в транзакции
2025-09-27 23:40:19,042 - src.services - WARNING - Некорректные данные в транзакции
2025-09-27 23:40:19,042 - src.services - WARNING - Некорректные данные в транзакции
2025-09-27 23:40:19,042 - src.services - WARNING - Некорректные данные в транзакции
2025-09-27 23:40:19,042 - src.services - WARNING - Некорректные данные в транзакции
2025-09-27 23:40:19,042 - src.services - WARNING - Некорректные данные в транзакции
2025-09-27 23:40:19,042 - src.services - WARNING - Некорректные данные в транзакции
2025-09-27 23:40:19,042 - src.services - WARNING - Некорректные данные в транзакции
2025-09-27 23:40:19,042 - src.services - WARNING - Некорректные данные в транзакции
2025-09-27 23:40:19,043 - src.services - WARNING - Некорректные данные в транзакции
2025-09-27 23:40:19,043 - src.services - WARNING - Некорректные данные в транзакции
2025-09-27 23:40:19,043 - src.services - WARNING - Некорректные данные в транзакции
2025-09-27 23:40:19,043 - src.services - WARNING - Некорректные данные в транзакции
2025-09-27 23:40:19,043 - src.services - WARNING - Некорректные данные в транзакции
2025-09-27 23:40:19,043 - src.services - WARNING - Некорректные данные в транзакции
2025-09-27 23:40:19,043 - src.services - WARNING - Некорректные данные в транзакции
2025-09-27 23:40:19,043 - src.services - WARNING - Некорректные данные в транзакции
2025-09-27 23:40:19,043 - src.services - WARNING - Некорректные данные в транзакции
2025-09-27 23:40:19,043 - src.services - WARNING - Некорректные данные в транзакции
2025-09-27 23:40:19,043 - src.services - WARNING - Некорректные данные в транзакции
2025-09-27 23:40:19,043 - src.services - WARNING - Некорректные данные в транзакции
2025-09-27 23:40:19,043 - src.services - WARNING - Некорректные данные в транзакции
2025-09-27 23:40:19,043 - src.services - WARNING - Некорректные данные в транзакции
2025-09-27 23:40:19,043 - src.services - WARNING - Некорректные данные в транзакции
2025-09-27 23:40:19,044 - src.services - WARNING - Некорректные данные в транзакции
2025-09-27 23:40:19,044 - src.services - WARNING - Некорректные данные в транзакции
2025-09-27 23:40:19,044 - src.services - WARNING - Некорректные данные в транзакции
2025-09-27 23:40:19,044 - src.services - WARNING - Некорректные данные в транзакции
2025-09-27 23:40:19,044 - src.services - WARNING - Некорректные данные в транзакции
2025-09-27 23:40:19,044 - src.services - WARNING - Некорректные данные в транзакции
2025-09-27 23:40:19,044 - src.services - WARNING - Некорректные данные в транзакции
2025-09-27 23:40:19,044 - src.services - WARNING - Некорректные данные в транзакции
2025-09-27 23:40:19,044 - src.services - WARNING - Некорректные данные в транзакции
2025-09-27 23:40:19,044 - src.services - WARNING - Некорректные данные в транзакции
2025-09-27 23:40:19,044 - src.services - WARNING - Некорректные данные в транзакции
2025-09-27 23:40:19,044 - src.services - WARNING - Некорректные данные в транзакции
2025-09-27 23:40:19,044 - src.services - WARNING - Некорректные данные в транзакции
2025-09-27 23:40:19,044 - src.services - WARNING - Некорректные данные в транзакции
2025-09-27 23:40:19,044 - src.services - WARNING - Некорректные данные в транзакции
2025-09-27 23:40:19,044 - src.services - WARNING - Некорректные данные в транзакции
2025-09-27 23:40:19,045 - src.services - WARNING - Некорректные данные в транзакции
2025-09-27 23:40:19,045 - src.services - WARNING - Некорректные данные в транзакции
2025-09-27 23:40:19,045 - src.services - WARNING - Некорректные данные в транзакции
2025-09-27 23:40:19,045 - src.services - WARNING - Некорректные данные в транзакции
2025-09-27 23:40:19,045 - src.services - WARNING - Некорректные данные в транзакции
2025-09-27 23:40:19,045 - src.services - WARNING - Некорректные данные в транзакции
2025-09-27 23:40:19,045 - src.services - WARNING - Некорректные данные в транзакции
2025-09-27 23:40:19,045 - src.services - WARNING - Некорректные данные в транзакции
2025-09-27 23:40:19,045 - src.services - WARNING - Некорректные данные в транзакции
2025-09-27 23:40:19,045 - src.services - WARNING - Некорректные данные в транзакции
2025-09-27 23:40:19,045 - src.services - WARNING - Некорректные данные в транзакции
2025-09-27 23:40:19,046 - src.services - WARNING - Некорректные данные в транзакции
2025-09-27 23:40:19,046 - src.services - WARNING - Некорректные данные в транзакции
2025-09-27 23:40:19,046 - src.services - WARNING - Некорректные данные в транзакции
2025-09-27 23:40:19,046 - src.services - WARNING - Некорректные данные в транзакции
2025-09-27 23:40:19,046 - src.services - WARNING - Некорректные данные в транзакции
2025-09-27 23:40:19,046 - src.services - WARNING - Некорректные данные в транзакции
2025-09-27 23:40:19,046 - src.services - WARNING - Некорректные данные в транзакции
2025-09-27 23:40:19,046 - src.services - WARNING - Некорректные данные в транзакции
2025-09-27 23:40:19,046 - src.services - WARNING - Некорректные данные в транзакции
2025-09-27 23:40:19,046 - src.services - WARNING - Некорректные данные в транзакции
2025-09-27 23:40:19,046 - src.services - WARNING - Некорректные данные в транзакции
2025-09-27 23:40:19,046 - src.services - WARNING - Некорректные данные в транзакции
2025-09-27 23:40:19,046 - src.services - WARNING - Некорректные данные в транзакции
2025-09-27 23:40:19,046 - src.services - WARNING - Некорректные данные в транзакции
2025-09-27 23:40:19,046 - src.services - WARNING - Некорректные данные в транзакции
2025-09-27 23:40:19,047 - src.services - WARNING - Некорректные данные в транзакции
2025-09-27 23:40:19,047 - src.services - WARNING - Некорректные данные в транзакции
2025-09-27 23:40:19,047 - src.services - WARNING - Некорректные данные в транзакции
2025-09-27 23:40:19,047 - src.services - WARNING - Некорректные данные в транзакции
2025-09-27 23:40:19,047 - src.services - WARNING - Некорректные данные в транзакции
2025-09-27 23:40:19,047 - src.services - WARNING - Некорректные данные в транзакции
2025-09-27 23:40:19,047 - src.services - WARNING - Некорректные данные в транзакции
2025-09-27 23:40:19,047 - src.services - WARNING - Некорректные данные в транзакции
2025-09-27 23:40:19,047 - src.services - WARNING - Некорректные данные в транзакции
2025-09-27 23:40:19,047 - src.services - WARNING - Некорректные данные в транзакции
2025-09-27 23:40:19,047 - src.services - WARNING - Некорректные данные в транзакции
2025-09-27 23:40:19,047 - src.services - WARNING - Некорректные данные в транзакции
2025-09-27 23:40:19,047 - src.services - WARNING - Некорректные данные в транзакции
2025-09-27 23:40:19,047 - src.services - WARNING - Некорректные данные в транзакции
2025-09-27 23:40:19,047 - src.services - WARNING - Некорректные данные в транзакции
2025-09-27 23:40:19,048 - src.services - WARNING - Некорректные данные в транзакции
2025-09-27 23:40:19,048 - src.services - WARNING - Некорректные данные в транзакции
2025-09-27 23:40:19,048 - src.services - WARNING - Некорректные данные в транзакции
2025-09-27 23:40:19,048 - src.services - WARNING - Некорректные данные в транзакции
2025-09-27 23:40:19,048 - src.services - WARNING - Некорректные данные в транзакции
2025-09-27 23:40:19,048 - src.services - WARNING - Некорректные данные в транзакции
2025-09-27 23:40:19,048 - src.services - WARNING - Некорректные данные в транзакции
2025-09-27 23:40:19,048 - src.services - WARNING - Некорректные данные в транзакции
2025-09-27 23:40:19,048 - src.services - WARNING - Некорректные данные в транзакции
2025-09-27 23:40:19,048 - src.services - WARNING - Некорректные данные в транзакции
2025-09-27 23:40:19,048 - src.services - WARNING - Некорректные данные в транзакции
2025-09-27 23:40:19,048 - src.services - WARNING - Некорректные данные в транзакции
2025-09-27 23:40:19,048 - src.services - WARNING - Некорректные данные в транзакции
2025-09-27 23:40:19,048 - src.services - WARNING - Некорректные данные в транзакции
2025-09-27 23:40:19,049 - src.services - WARNING - Некорректные данные в транзакции
2025-09-27 23:40:19,049 - src.services - WARNING - Некорректные данные в транзакции
2025-09-27 23:40:19,049 - src.services - WARNING - Некорректные данные в транзакции
2025-09-27 23:40:19,049 - src.services - WARNING - Некорректные данные в транзакции
2025-09-27 23:40:19,049 - src.services - WARNING - Некорректные данные в транзакции
2025-09-27 23:40:19,049 - src.services - WARNING - Некорректные данные в транзакции
2025-09-27 23:40:19,049 - src.services - WARNING - Некорректные данные в транзакции
2025-09-27 23:40:19,049 - src.services - WARNING - Некорректные данные в транзакции
2025-09-27 23:40:19,049 - src.services - WARNING - Некорректные данные в транзакции
2025-09-27 23:40:19,049 - src.services - WARNING - Некорректные данные в транзакции
2025-09-27 23:40:19,049 - src.services - WARNING - Некорректные данные в транзакции
2025-09-27 23:40:19,049 - src.services - WARNING - Некорректные данные в транзакции
2025-09-27 23:40:19,049 - src.services - WARNING - Некорректные данные в транзакции
2025-09-27 23:40:19,049 - src.services - WARNING - Некорректные данные в транзакции
2025-09-27 23:40:19,049 - src.services - WARNING - Некорректные данные в транзакции
2025-09-27 23:40:19,050 - src.services - WARNING - Некорректные данные в транзакции
2025-09-27 23:40:19,050 - src.services - WARNING - Некорректные данные в транзакции
2025-09-27 23:40:19,050 - src.services - WARNING - Некорректные данные в транзакции
2025-09-27 23:40:19,050 - src.services - WARNING - Некорректные данные в транзакции
2025-09-27 23:40:19,050 - src.services - WARNING - Некорректные данные в транзакции
2025-09-27 23:40:19,050 - src.services - WARNING - Некорректные данные в транзакции
2025-09-27 23:40:19,050 - src.services - WARNING - Некорректные данные в транзакции
2025-09-27 23:40:19,050 - src.services - WARNING - Некорректные данные в транзакции
2025-09-27 23:40:19,050 - src.services - WARNING - Некорректные данные в транзакции
2025-09-27 23:40:19,050 - src.services - WARNING - Некорректные данные в транзакции
2025-09-27 23:40:19,050 - src.services - WARNING - Некорректные данные в транзакции
2025-09-27 23:40:19,050 - src.services - WARNING - Некорректные данные в транзакции
2025-09-27 23:40:19,050 - src.services - WARNING - Некорректные данные в транзакции
2025-09-27 23:40:19,051 - src.services - WARNING - Некорректные данные в транзакции
2025-09-27 23:40:19,051 - src.services - WARNING - Некорректные данные в транзакции
2025-09-27 23:40:19,051 - src.services - WARNING - Некорректные данные в транзакции
2025-09-27 23:40:19,051 - src.services - WARNING - Некорректные данные в транзакции
2025-09-27 23:40:19,051 - src.services - WARNING - Некорректные данные в транзакции
2025-09-27 23:40:19,051 - src.services - WARNING - Некорректные данные в транзакции
2025-09-27 23:40:19,051 - src.services - WARNING - Некорректные данные в транзакции
2025-09-27 23:40:19,051 - src.services - WARNING - Некорректные данные в транзакции
2025-09-27 23:40:19,051 - src.services - WARNING - Некорректные данные в транзакции
2025-09-27 23:40:19,051 - src.services - WARNING - Некорректные данные в транзакции
2025-09-27 23:40:19,051 - src.services - WARNING - Некорректные данные в транзакции
2025-09-27 23:40:19,051 - src.services - WARNING - Некорректные данные в транзакции
2025-09-27 23:40:19,051 - src.services - WARNING - Некорректные данные в транзакции
2025-09-27 23:40:19,051 - src.services - WARNING - Некорректные данные в транзакции
2025-09-27 23:40:19,052 - src.services - WARNING - Некорректные данные в транзакции
2025-09-27 23:40:19,052 - src.services - WARNING - Некорректные данные в транзакции
2025-09-27 23:40:19,052 - src.services - WARNING - Некорректные данные в транзакции
2025-09-27 23:40:19,052 - src.services - WARNING - Некорректные данные в транзакции
2025-09-27 23:40:19,052 - src.services - WARNING - Некорректные данные в транзакции
2025-09-27 23:40:19,052 - src.services - WARNING - Некорректные данные в транзакции
2025-09-27 23:40:19,052 - src.services - WARNING - Некорректные данные в транзакции
2025-09-27 23:40:19,052 - src.services - WARNING - Некорректные данные в транзакции
2025-09-27 23:40:19,052 - src.services - WARNING - Некорректные данные в транзакции
2025-09-27 23:40:19,052 - src.services - WARNING - Некорректные данные в транзакции
2025-09-27 23:40:19,052 - src.services - WARNING - Некорректные данные в транзакции
2025-09-27 23:40:19,052 - src.services - WARNING - Некорректные данные в транзакции
2025-09-27 23:40:19,052 - src.services - WARNING - Некорректные данные в транзакции
2025-09-27 23:40:19,052 - src.services - WARNING - Некорректные данные в транзакции
2025-09-27 23:40:19,052 - src.services - WARNING - Некорректные данные в транзакции
2025-09-27 23:40:19,053 - src.services - WARNING - Некорректные данные в транзакции
2025-09-27 23:40:19,053 - src.services - WARNING - Некорректные данные в транзакции
2025-09-27 23:40:19,053 - src.services - WARNING - Некорректные данные в транзакции
2025-09-27 23:40:19,053 - src.services - WARNING - Некорректные данные в транзакции
2025-09-27 23:40:19,053 - src.services - WARNING - Некорректные данные в транзакции
2025-09-27 23:40:19,053 - src.services - WARNING - Некорректные данные в транзакции
2025-09-27 23:40:19,053 - src.services - WARNING - Некорректные данные в транзакции
2025-09-27 23:40:19,053 - src.services - WARNING - Некорректные данные в транзакции
2025-09-27 23:40:19,053 - src.services - WARNING - Некорректные данные в транзакции
2025-09-27 23:40:19,053 - src.services - WARNING - Некорректные данные в транзакции
2025-09-27 23:40:19,053 - src.services - WARNING - Некорректные данные в транзакции
2025-09-27 23:40:19,053 - src.services - WARNING - Некорректные данные в транзакции
2025-09-27 23:40:19,053 - src.services - WARNING - Некорректные данные в транзакции
2025-09-27 23:40:19,053 - src.services - WARNING - Некорректные данные в транзакции
2025-09-27 23:40:19,053 - src.services - WARNING - Некорректные данные в транзакции
2025-09-27 23:40:19,053 - src.services - WARNING - Некорректные данные в транзакции
2025-09-27 23:40:19,054 - src.services - WARNING - Некорректные данные в транзакции
2025-09-27 23:40:19,054 - src.services - WARNING - Некорректные данные в транзакции
2025-09-27 23:40:19,054 - src.services - WARNING - Некорректные данные в транзакции
2025-09-27 23:40:19,054 - src.services - WARNING - Некорректные данные в транзакции
2025-09-27 23:40:19,054 - src.services - WARNING - Некорректные данные в транзакции
2025-09-27 23:40:19,054 - src.services - WARNING - Некорректные данные в транзакции
2025-09-27 23:40:19,054 - src.services - WARNING - Некорректные данные в транзакции
2025-09-27 23:40:19,054 - src.services - WARNING - Некорректные данные в транзакции
2025-09-27 23:40:19,054 - src.services - WARNING - Некорректные данные в транзакции
2025-09-27 23:40:19,054 - src.services - WARNING - Некорректные данные в транзакции
2025-09-27 23:40:19,054 - src.services - WARNING - Некорректные данные в транзакции
2025-09-27 23:40:19,054 - src.services - WARNING - Некорректные данные в транзакции
2025-09-27 23:40:19,054 - src.services - WARNING - Некорректные данные в транзакции
2025-09-27 23:40:19,054 - src.services - WARNING - Некорректные данные в транзакции
2025-09-27 23:40:19,054 - src.services - WARNING - Некорректные данные в транзакции
2025-09-27 23:40:19,055 - src.services - WARNING - Некорректные данные в транзакции
2025-09-27 23:40:19,055 - src.services - WARNING - Некорректные данные в транзакции
2025-09-27 23:40:19,055 - src.services - WARNING - Некорректные данные в транзакции
2025-09-27 23:40:19,055 - src.services - WARNING - Некорректные данные в транзакции
2025-09-27 23:40:19,055 - src.services - WARNING - Некорректные данные в транзакции
2025-09-27 23:40:19,055 - src.services - WARNING - Некорректные данные в транзакции
2025-09-27 23:40:19,055 - src.services - WARNING - Некорректные данные в транзакции
2025-09-27 23:40:19,055 - src.services - WARNING - Некорректные данные в транзакции
2025-09-27 23:40:19,055 - src.services - WARNING - Некорректные данные в транзакции
2025-09-27 23:40:19,055 - src.services - WARNING - Некорректные данные в транзакции
2025-09-27 23:40:19,055 - src.services - WARNING - Некорректные данные в транзакции
2025-09-27 23:40:19,055 - src.services - WARNING - Некорректные данные в транзакции
2025-09-27 23:40:19,055 - src.services - WARNING - Некорректные данные в транзакции
2025-09-27 23:40:19,055 - src.services - WARNING - Некорректные данные в транзакции
2025-09-27 23:40:19,055 - src.services - WARNING - Некорректные данные в транзакции
2025-09-27 23:40:19,056 - src.services - WARNING - Некорректные данные в транзакции
2025-09-27 23:40:19,056 - src.services - WARNING - Некорректные данные в транзакции
2025-09-27 23:40:19,056 - src.services - WARNING - Некорректные данные в транзакции
2025-09-27 23:40:19,056 - src.services - WARNING - Некорректные данные в транзакции
2025-09-27 23:40:19,056 - src.services - WARNING - Некорректные данные в транзакции
2025-09-27 23:40:19,056 - src.services - WARNING - Некорректные данные в транзакции
2025-09-27 23:40:19,056 - src.services - WARNING - Некорректные данные в транзакции
2025-09-27 23:40:19,056 - src.services - WARNING - Некорректные данные в транзакции
2025-09-27 23:40:19,056 - src.services - WARNING - Некорректные данные в транзакции
2025-09-27 23:40:19,056 - src.services - WARNING - Некорректные данные в транзакции
2025-09-27 23:40:19,056 - src.services - WARNING - Некорректные данные в транзакции
2025-09-27 23:40:19,056 - src.services - WARNING - Некорректные данные в транзакции
2025-09-27 23:40:19,056 - src.services - WARNING - Некорректные данные в транзакции
2025-09-27 23:40:19,057 - src.services - WARNING - Некорректные данные в транзакции
2025-09-27 23:40:19,057 - src.services - WARNING - Некорректные данные в транзакции
2025-09-27 23:40:19,057 - src.services - WARNING - Некорректные данные в транзакции
2025-09-27 23:40:19,057 - src.services - WARNING - Некорректные данные в транзакции
2025-09-27 23:40:19,057 - src.services - WARNING - Некорректные данные в транзакции
2025-09-27 23:40:19,057 - src.services - WARNING - Некорректные данные в транзакции
2025-09-27 23:40:19,057 - src.services - WARNING - Некорректные данные в транзакции
2025-09-27 23:40:19,057 - src.services - WARNING - Некорректные данные в транзакции
2025-09-27 23:40:19,057 - src.services - WARNING - Некорректные данные в транзакции
2025-09-27 23:40:19,057 - src.services - WARNING - Некорректные данные в транзакции
2025-09-27 23:40:19,057 - src.services - WARNING - Некорректные данные в транзакции
2025-09-27 23:40:19,057 - src.services - WARNING - Некорректные данные в транзакции
2025-09-27 23:40:19,057 - src.services - WARNING - Некорректные данные в транзакции
2025-09-27 23:40:19,057 - src.services - WARNING - Некорректные данные в транзакции
2025-09-27 23:40:19,057 - src.services - WARNING - Некорректные данные в транзакции
2025-09-27 23:40:19,058 - src.services - WARNING - Некорректные данные в транзакции
2025-09-27 23:40:19,058 - src.services - WARNING - Некорректные данные в транзакции
2025-09-27 23:40:19,058 - src.services - WARNING - Некорректные данные в транзакции
2025-09-27 23:40:19,058 - src.services - WARNING - Некорректные данные в транзакции
2025-09-27 23:40:19,058 - src.services - WARNING - Некорректные данные в транзакции
2025-09-27 23:40:19,058 - src.services - WARNING - Некорректные данные в транзакции
2025-09-27 23:40:19,058 - src.services - WARNING - Некорректные данные в транзакции
2025-09-27 23:40:19,058 - src.services - WARNING - Некорректные данные в транзакции
2025-09-27 23:40:19,058 - src.services - WARNING - Некорректные данные в транзакции
2025-09-27 23:40:19,058 - src.services - WARNING - Некорректные данные в транзакции
2025-09-27 23:40:19,058 - src.services - WARNING - Некорректные данные в транзакции
2025-09-27 23:40:19,058 - src.services - WARNING - Некорректные данные в транзакции
2025-09-27 23:40:19,058 - src.services - WARNING - Некорректные данные в транзакции
2025-09-27 23:40:19,058 - src.services - WARNING - Некорректные данные в транзакции
2025-09-27 23:40:19,059 - src.services - WARNING - Некорректные данные в транзакции
2025-09-27 23:40:19,059 - src.services - WARNING - Некорректные данные в транзакции
2025-09-27 23:40:19,059 - src.services - WARNING - Некорректные данные в транзакции
2025-09-27 23:40:19,059 - src.services - WARNING - Некорректные данные в транзакции
2025-09-27 23:40:19,059 - src.services - WARNING - Некорректные данные в транзакции
2025-09-27 23:40:19,059 - src.services - WARNING - Некорректные данные в транзакции
2025-09-27 23:40:19,059 - src.services - WARNING - Некорректные данные в транзакции
2025-09-27 23:40:19,059 - src.services - WARNING - Некорректные данные в транзакции
2025-09-27 23:40:19,059 - src.services - WARNING - Некорректные данные в транзакции
2025-09-27 23:40:19,059 - src.services - WARNING - Некорректные данные в транзакции
2025-09-27 23:40:19,059 - src.services - WARNING - Некорректные данные в транзакции
2025-09-27 23:40:19,059 - src.services - WARNING - Некорректные данные в транзакции
2025-09-27 23:40:19,059 - src.services - WARNING - Некорректные данные в транзакции
2025-09-27 23:40:19,059 - src.services - WARNING - Некорректные данные в транзакции
2025-09-27 23:40:19,059 - src.services - WARNING - Некорректные данные в транзакции
2025-09-27 23:40:19,060 - src.services - WARNING - Некорректные данные в транзакции
2025-09-27 23:40:19,060 - src.services - WARNING - Некорректные данные в транзакции
2025-09-27 23:40:19,060 - src.services - WARNING - Некорректные данные в транзакции
2025-09-27 23:40:19,060 - src.services - WARNING - Некорректные данные в транзакции
2025-09-27 23:40:19,060 - src.services - WARNING - Некорректные данные в транзакции
2025-09-27 23:40:19,060 - src.services - WARNING - Некорректные данные в транзакции
2025-09-27 23:40:19,060 - src.services - WARNING - Некорректные данные в транзакции
2025-09-27 23:40:19,060 - src.services - WARNING - Некорректные данные в транзакции
2025-09-27 23:40:19,060 - src.services - WARNING - Некорректные данные в транзакции
2025-09-27 23:40:19,060 - src.services - WARNING - Некорректные данные в транзакции
2025-09-27 23:40:19,060 - src.services - WARNING - Некорректные данные в транзакции
2025-09-27 23:40:19,060 - src.services - WARNING - Некорректные данные в транзакции
2025-09-27 23:40:19,060 - src.services - WARNING - Некорректные данные в транзакции
2025-09-27 23:40:19,060 - src.services - WARNING - Некорректные данные в транзакции
2025-09-27 23:40:19,061 - src.services - WARNING - Некорректные данные в транзакции
2025-09-27 23:40:19,061 - src.services - WARNING - Некорректные данные в транзакции
2025-09-27 23:40:19,061 - src.services - WARNING - Некорректные данные в транзакции
2025-09-27 23:40:19,061 - src.services - WARNING - Некорректные данные в транзакции
2025-09-27 23:40:19,061 - src.services - WARNING - Некорректные данные в транзакции
2025-09-27 23:40:19,061 - src.services - WARNING - Некорректные данные в транзакции
2025-09-27 23:40:19,061 - src.services - WARNING - Некорректные данные в транзакции
2025-09-27 23:40:19,061 - src.services - WARNING - Некорректные данные в транзакции
2025-09-27 23:40:19,061 - src.services - WARNING - Некорректные данные в транзакции
2025-09-27 23:40:19,061 - src.services - WARNING - Некорректные данные в транзакции
2025-09-27 23:40:19,061 - src.services - WARNING - Некорректные данные в транзакции
2025-09-27 23:40:19,061 - src.services - WARNING - Некорректные данные в транзакции
2025-09-27 23:40:19,061 - src.services - WARNING - Некорректные данные в транзакции
2025-09-27 23:40:19,061 - src.services - WARNING - Некорректные данные в транзакции
2025-09-27 23:40:19,061 - src.services - WARNING - Некорректные данные в транзакции
2025-09-27 23:40:19,062 - src.services - WARNING - Некорректные данные в транзакции
2025-09-27 23:40:19,062 - src.services - WARNING - Некорректные данные в транзакции
2025-09-27 23:40:19,062 - src.services - WARNING - Некорректные данные в транзакции
2025-09-27 23:40:19,062 - src.services - WARNING - Некорректные данные в транзакции
2025-09-27 23:40:19,062 - src.services - WARNING - Некорректные данные в транзакции
2025-09-27 23:40:19,062 - src.services - WARNING - Некорректные данные в транзакции
2025-09-27 23:40:19,062 - src.services - WARNING - Некорректные данные в транзакции
2025-09-27 23:40:19,062 - src.services - WARNING - Некорректные данные в транзакции
2025-09-27 23:40:19,062 - src.services - WARNING - Некорректные данные в транзакции
2025-09-27 23:40:19,062 - src.services - WARNING - Некорректные данные в транзакции
2025-09-27 23:40:19,062 - src.services - WARNING - Некорректные данные в транзакции
2025-09-27 23:40:19,062 - src.services - WARNING - Некорректные данные в транзакции
2025-09-27 23:40:19,062 - src.services - WARNING - Некорректные данные в транзакции
2025-09-27 23:40:19,062 - src.services - WARNING - Некорректные данные в транзакции
2025-09-27 23:40:19,062 - src.services - WARNING - Некорректные данные в транзакции
2025-09-27 23:40:19,063 - src.services - WARNING - Некорректные данные в транзакции
2025-09-27 23:40:19,063 - src.services - WARNING - Некорректные данные в транзакции
2025-09-27 23:40:19,063 - src.services - WARNING - Некорректные данные в транзакции
2025-09-27 23:40:19,063 - src.services - WARNING - Некорректные данные в транзакции
2025-09-27 23:40:19,063 - src.services - WARNING - Некорректные данные в транзакции
2025-09-27 23:40:19,063 - src.services - WARNING - Некорректные данные в транзакции
2025-09-27 23:40:19,063 - src.services - WARNING - Некорректные данные в транзакции
2025-09-27 23:40:19,063 - src.services - WARNING - Некорректные данные в транзакции
2025-09-27 23:40:19,063 - src.services - WARNING - Некорректные данные в транзакции
2025-09-27 23:40:19,063 - src.services - WARNING - Некорректные данные в транзакции
2025-09-27 23:40:19,063 - src.services - WARNING - Некорректные данные в транзакции
2025-09-27 23:40:19,063 - src.services - WARNING - Некорректные данные в транзакции
2025-09-27 23:40:19,063 - src.services - WARNING - Некорректные данные в транзакции
2025-09-27 23:40:19,063 - src.services - WARNING - Некорректные данные в транзакции
2025-09-27 23:40:19,063 - src.services - WARNING - Некорректные данные в транзакции
2025-09-27 23:40:19,064 - src.services - WARNING - Некорректные данные в транзакции
2025-09-27 23:40:19,064 - src.services - WARNING - Некорректные данные в транзакции
2025-09-27 23:40:19,064 - src.services - WARNING - Некорректные данные в транзакции
2025-09-27 23:40:19,064 - src.services - WARNING - Некорректные данные в транзакции
2025-09-27 23:40:19,064 - src.services - WARNING - Некорректные данные в транзакции
2025-09-27 23:40:19,064 - src.services - WARNING - Некорректные данные в транзакции
2025-09-27 23:40:19,064 - src.services - WARNING - Некорректные данные в транзакции
2025-09-27 23:40:19,064 - src.services - WARNING - Некорректные данные в транзакции
2025-09-27 23:40:19,064 - src.services - WARNING - Некорректные данные в транзакции
2025-09-27 23:40:19,064 - src.services - WARNING - Некорректные данные в транзакции
2025-09-27 23:40:19,064 - src.services - WARNING - Некорректные данные в транзакции
2025-09-27 23:40:19,064 - src.services - WARNING - Некорректные данные в транзакции
2025-09-27 23:40:19,064 - src.services - WARNING - Некорректные данные в транзакции
2025-09-27 23:40:19,064 - src.services - WARNING - Некорректные данные в транзакции
2025-09-27 23:40:19,064 - src.services - WARNING - Некорректные данные в транзакции
2025-09-27 23:40:19,065 - src.services - WARNING - Некорректные данные в транзакции
2025-09-27 23:40:19,065 - src.services - WARNING - Некорректные данные в транзакции
2025-09-27 23:40:19,065 - src.services - WARNING - Некорректные данные в транзакции
2025-09-27 23:40:19,065 - src.services - WARNING - Некорректные данные в транзакции
2025-09-27 23:40:19,065 - src.services - WARNING - Некорректные данные в транзакции
2025-09-27 23:40:19,065 - src.services - WARNING - Некорректные данные в транзакции
2025-09-27 23:40:19,065 - src.services - WARNING - Некорректные данные в транзакции
2025-09-27 23:40:19,065 - src.services - WARNING - Некорректные данные в транзакции
2025-09-27 23:40:19,065 - src.services - WARNING - Некорректные данные в транзакции
2025-09-27 23:40:19,065 - src.services - WARNING - Некорректные данные в транзакции
2025-09-27 23:40:19,065 - src.services - WARNING - Некорректные данные в транзакции
2025-09-27 23:40:19,065 - src.services - WARNING - Некорректные данные в транзакции
2025-09-27 23:40:19,065 - src.services - WARNING - Некорректные данные в транзакции
2025-09-27 23:40:19,065 - src.services - WARNING - Некорректные данные в транзакции
2025-09-27 23:40:19,065 - src.services - WARNING - Некорректные данные в транзакции
2025-09-27 23:40:19,066 - src.services - WARNING - Некорректные данные в транзакции
2025-09-27 23:40:19,066 - src.services - WARNING - Некорректные данные в транзакции
2025-09-27 23:40:19,066 - src.services - WARNING - Некорректные данные в транзакции
2025-09-27 23:40:19,066 - src.services - WARNING - Некорректные данные в транзакции
2025-09-27 23:40:19,066 - src.services - WARNING - Некорректные данные в транзакции
2025-09-27 23:40:19,066 - src.services - WARNING - Некорректные данные в транзакции
2025-09-27 23:40:19,066 - src.services - WARNING - Некорректные данные в транзакции
2025-09-27 23:40:19,066 - src.services - WARNING - Некорректные данные в транзакции
2025-09-27 23:40:19,066 - src.services - WARNING - Некорректные данные в транзакции
2025-09-27 23:40:19,066 - src.services - WARNING - Некорректные данные в транзакции
2025-09-27 23:40:19,066 - src.services - WARNING - Некорректные данные в транзакции
2025-09-27 23:40:19,066 - src.services - WARNING - Некорректные данные в транзакции
2025-09-27 23:40:19,066 - src.services - WARNING - Некорректные данные в транзакции
2025-09-27 23:40:19,066 - src.services - WARNING - Некорректные данные в транзакции
2025-09-27 23:40:19,066 - src.services - WARNING - Некорректные данные в транзакции
2025-09-27 23:40:19,067 - src.services - WARNING - Некорректные данные в транзакции
2025-09-27 23:40:19,067 - src.services - WARNING - Некорректные данные в транзакции
2025-09-27 23:40:19,067 - src.services - WARNING - Некорректные данные в транзакции
2025-09-27 23:40:19,067 - src.services - WARNING - Некорректные данные в транзакции
2025-09-27 23:40:19,067 - src.services - WARNING - Некорректные данные в транзакции
2025-09-27 23:40:19,067 - src.services - WARNING - Некорректные данные в транзакции
2025-09-27 23:40:19,067 - src.services - WARNING - Некорректные данные в транзакции
2025-09-27 23:40:19,067 - src.services - WARNING - Некорректные данные в транзакции
2025-09-27 23:40:19,067 - src.services - WARNING - Некорректные данные в транзакции
2025-09-27 23:40:19,067 - src.services - WARNING - Некорректные данные в транзакции
2025-09-27 23:40:19,067 - src.services - WARNING - Некорректные данные в транзакции
2025-09-27 23:40:19,067 - src.services - WARNING - Некорректные данные в транзакции
2025-09-27 23:40:19,067 - src.services - WARNING - Некорректные данные в транзакции
2025-09-27 23:40:19,067 - src.services - WARNING - Некорректные данные в транзакции
2025-09-27 23:40:19,067 - src.services - WARNING - Некорректные данные в транзакции
2025-09-27 23:40:19,068 - src.services - WARNING - Некорректные данные в транзакции
2025-09-27 23:40:19,068 - src.services - WARNING - Некорректные данные в транзакции
2025-09-27 23:40:19,068 - src.services - WARNING - Некорректные данные в транзакции
2025-09-27 23:40:19,068 - src.services - WARNING - Некорректные данные в транзакции
2025-09-27 23:40:19,068 - src.services - WARNING - Некорректные данные в транзакции
2025-09-27 23:40:19,068 - src.services - WARNING - Некорректные данные в транзакции
2025-09-27 23:40:19,068 - src.services - WARNING - Некорректные данные в транзакции
2025-09-27 23:40:19,068 - src.services - WARNING - Некорректные данные в транзакции
2025-09-27 23:40:19,068 - src.services - WARNING - Некорректные данные в транзакции
2025-09-27 23:40:19,068 - src.services - WARNING - Некорректные данные в транзакции
2025-09-27 23:40:19,068 - src.services - WARNING - Некорректные данные в транзакции
2025-09-27 23:40:19,068 - src.services - WARNING - Некорректные данные в транзакции
2025-09-27 23:40:19,068 - src.services - WARNING - Некорректные данные в транзакции
2025-09-27 23:40:19,068 - src.services - WARNING - Некорректные данные в транзакции
2025-09-27 23:40:19,068 - src.services - WARNING - Некорректные данные в транзакции
2025-09-27 23:40:19,068 - src.services - WARNING - Некорректные данные в транзакции
2025-09-27 23:40:19,069 - src.services - WARNING - Некорректные данные в транзакции
2025-09-27 23:40:19,069 - src.services - WARNING - Некорректные данные в транзакции
2025-09-27 23:40:19,069 - src.services - WARNING - Некорректные данные в транзакции
2025-09-27 23:40:19,069 - src.services - WARNING - Некорректные данные в транзакции
2025-09-27 23:40:19,069 - src.services - WARNING - Некорректные данные в транзакции
2025-09-27 23:40:19,069 - src.services - WARNING - Некорректные данные в транзакции
2025-09-27 23:40:19,069 - src.services - WARNING - Некорректные данные в транзакции
2025-09-27 23:40:19,069 - src.services - WARNING - Некорректные данные в транзакции
2025-09-27 23:40:19,069 - src.services - WARNING - Некорректные данные в транзакции
2025-09-27 23:40:19,069 - src.services - WARNING - Некорректные данные в транзакции
2025-09-27 23:40:19,069 - src.services - WARNING - Некорректные данные в транзакции
2025-09-27 23:40:19,069 - src.services - WARNING - Некорректные данные в транзакции
2025-09-27 23:40:19,069 - src.services - WARNING - Некорректные данные в транзакции
2025-09-27 23:40:19,069 - src.services - WARNING - Некорректные данные в транзакции
2025-09-27 23:40:19,069 - src.services - WARNING - Некорректные данные в транзакции
2025-09-27 23:40:19,070 - src.services - WARNING - Некорректные данные в транзакции
2025-09-27 23:40:19,070 - src.services - WARNING - Некорректные данные в транзакции
2025-09-27 23:40:19,070 - src.services - WARNING - Некорректные данные в транзакции
2025-09-27 23:40:19,070 - src.services - WARNING - Некорректные данные в транзакции
2025-09-27 23:40:19,070 - src.services - WARNING - Некорректные данные в транзакции
2025-09-27 23:40:19,070 - src.services - WARNING - Некорректные данные в транзакции
2025-09-27 23:40:19,070 - src.services - WARNING - Некорректные данные в транзакции
2025-09-27 23:40:19,070 - src.services - WARNING - Некорректные данные в транзакции
2025-09-27 23:40:19,070 - src.services - WARNING - Некорректные данные в транзакции
2025-09-27 23:40:19,070 - src.services - WARNING - Некорректные данные в транзакции
2025-09-27 23:40:19,070 - src.services - WARNING - Некорректные данные в транзакции
2025-09-27 23:40:19,070 - src.services - WARNING - Некорректные данные в транзакции
2025-09-27 23:40:19,070 - src.services - WARNING - Некорректные данные в транзакции
2025-09-27 23:40:19,070 - src.services - WARNING - Некорректные данные в транзакции
2025-09-27 23:40:19,070 - src.services - WARNING - Некорректные данные в транзакции
2025-09-27 23:40:19,071 - src.services - WARNING - Некорректные данные в транзакции
2025-09-27 23:40:19,071 - src.services - WARNING - Некорректные данные в транзакции
2025-09-27 23:40:19,071 - src.services - WARNING - Некорректные данные в транзакции
2025-09-27 23:40:19,071 - src.services - WARNING - Некорректные данные в транзакции
2025-09-27 23:40:19,071 - src.services - WARNING - Некорректные данные в транзакции
2025-09-27 23:40:19,071 - src.services - WARNING - Некорректные данные в транзакции
2025-09-27 23:40:19,071 - src.services - WARNING - Некорректные данные в транзакции
2025-09-27 23:40:19,071 - src.services - WARNING - Некорректные данные в транзакции
2025-09-27 23:40:19,071 - src.services - WARNING - Некорректные данные в транзакции
2025-09-27 23:40:19,071 - src.services - WARNING - Некорректные данные в транзакции
2025-09-27 23:40:19,071 - src.services - WARNING - Некорректные данные в транзакции
2025-09-27 23:40:19,071 - src.services - WARNING - Некорректные данные в транзакции
2025-09-27 23:40:19,071 - src.services - WARNING - Некорректные данные в транзакции
2025-09-27 23:40:19,071 - src.services - WARNING - Некорректные данные в транзакции
2025-09-27 23:40:19,071 - src.services - WARNING - Некорректные данные в транзакции
2025-09-27 23:40:19,071 - src.services - WARNING - Некорректные данные в транзакции
2025-09-27 23:40:19,072 - src.services - WARNING - Некорректные данные в транзакции
2025-09-27 23:40:19,072 - src.services - WARNING - Некорректные данные в транзакции
2025-09-27 23:40:19,072 - src.services - WARNING - Некорректные данные в транзакции
2025-09-27 23:40:19,072 - src.services - WARNING - Некорректные данные в транзакции
2025-09-27 23:40:19,072 - src.services - WARNING - Некорректные данные в транзакции
2025-09-27 23:40:19,072 - src.services - WARNING - Некорректные данные в транзакции
2025-09-27 23:40:19,072 - src.services - WARNING - Некорректные данные в транзакции
2025-09-27 23:40:19,072 - src.services - WARNING - Некорректные данные в транзакции
2025-09-27 23:40:19,072 - src.services - WARNING - Некорректные данные в транзакции
2025-09-27 23:40:19,072 - src.services - WARNING - Некорректные данные в транзакции
2025-09-27 23:40:19,072 - src.services - WARNING - Некорректные данные в транзакции
2025-09-27 23:40:19,072 - src.services - WARNING - Некорректные данные в транзакции
2025-09-27 23:40:19,072 - src.services - WARNING - Некорректные данные в транзакции
2025-09-27 23:40:19,072 - src.services - WARNING - Некорректные данные в транзакции
2025-09-27 23:40:19,072 - src.services - WARNING - Некорректные данные в транзакции
2025-09-27 23:40:19,073 - src.services - WARNING - Некорректные данные в транзакции
2025-09-27 23:40:19,073 - src.services - WARNING - Некорректные данные в транзакции
2025-09-27 23:40:19,073 - src.services - WARNING - Некорректные данные в транзакции
2025-09-27 23:40:19,073 - src.services - WARNING - Некорректные данные в транзакции
2025-09-27 23:40:19,073 - src.services - WARNING - Некорректные данные в транзакции
2025-09-27 23:40:19,073 - src.services - WARNING - Некорректные данные в транзакции
2025-09-27 23:40:19,073 - src.services - WARNING - Некорректные данные в транзакции
2025-09-27 23:40:19,073 - src.services - WARNING - Некорректные данные в транзакции
2025-09-27 23:40:19,073 - src.services - WARNING - Некорректные данные в транзакции
2025-09-27 23:40:19,073 - src.services - WARNING - Некорректные данные в транзакции
2025-09-27 23:40:19,073 - src.services - WARNING - Некорректные данные в транзакции
2025-09-27 23:40:19,073 - src.services - WARNING - Некорректные данные в транзакции
2025-09-27 23:40:19,074 - src.services - WARNING - Некорректные данные в транзакции
2025-09-27 23:40:19,074 - src.services - WARNING - Некорректные данные в транзакции
2025-09-27 23:40:19,074 - src.services - WARNING - Некорректные данные в транзакции
2025-09-27 23:40:19,074 - src.services - WARNING - Некорректные данные в транзакции
2025-09-27 23:40:19,074 - src.services - WARNING - Некорректные данные в транзакции
2025-09-27 23:40:19,074 - src.services - WARNING - Некорректные данные в транзакции
2025-09-27 23:40:19,074 - src.services - WARNING - Некорректные данные в транзакции
2025-09-27 23:40:19,074 - src.services - WARNING - Некорректные данные в транзакции
2025-09-27 23:40:19,074 - src.services - WARNING - Некорректные данные в транзакции
2025-09-27 23:40:19,074 - src.services - WARNING - Некорректные данные в транзакции
2025-09-27 23:40:19,074 - src.services - WARNING - Некорректные данные в транзакции
2025-09-27 23:40:19,074 - src.services - WARNING - Некорректные данные в транзакции
2025-09-27 23:40:19,074 - src.services - WARNING - Некорректные данные в транзакции
2025-09-27 23:40:19,074 - src.services - WARNING - Некорректные данные в транзакции
2025-09-27 23:40:19,075 - src.services - WARNING - Некорректные данные в транзакции
2025-09-27 23:40:19,075 - src.services - WARNING - Некорректные данные в транзакции
2025-09-27 23:40:19,075 - src.services - WARNING - Некорректные данные в транзакции
2025-09-27 23:40:19,075 - src.services - WARNING - Некорректные данные в транзакции
2025-09-27 23:40:19,075 - src.services - WARNING - Некорректные данные в транзакции
2025-09-27 23:40:19,075 - src.services - WARNING - Некорректные данные в транзакции
2025-09-27 23:40:19,075 - src.services - WARNING - Некорректные данные в транзакции
2025-09-27 23:40:19,075 - src.services - WARNING - Некорректные данные в транзакции
2025-09-27 23:40:19,075 - src.services - WARNING - Некорректные данные в транзакции
2025-09-27 23:40:19,075 - src.services - WARNING - Некорректные данные в транзакции
2025-09-27 23:40:19,075 - src.services - WARNING - Некорректные данные в транзакции
2025-09-27 23:40:19,075 - src.services - WARNING - Некорректные данные в транзакции
2025-09-27 23:40:19,075 - src.services - WARNING - Некорректные данные в транзакции
2025-09-27 23:40:19,075 - src.services - WARNING - Некорректные данные в транзакции
2025-09-27 23:40:19,075 - src.services - WARNING - Некорректные данные в транзакции
2025-09-27 23:40:19,076 - src.services - WARNING - Некорректные данные в транзакции
2025-09-27 23:40:19,076 - src.services - WARNING - Некорректные данные в транзакции
2025-09-27 23:40:19,076 - src.services - WARNING - Некорректные данные в транзакции
2025-09-27 23:40:19,076 - src.services - WARNING - Некорректные данные в транзакции
2025-09-27 23:40:19,076 - src.services - WARNING - Некорректные данные в транзакции
2025-09-27 23:40:19,076 - src.services - WARNING - Некорректные данные в транзакции
2025-09-27 23:40:19,076 - src.services - WARNING - Некорректные данные в транзакции
2025-09-27 23:40:19,076 - src.services - WARNING - Некорректные данные в транзакции
2025-09-27 23:40:19,076 - src.services - WARNING - Некорректные данные в транзакции
2025-09-27 23:40:19,076 - src.services - WARNING - Некорректные данные в транзакции
2025-09-27 23:40:19,076 - src.services - WARNING - Некорректные данные в транзакции
2025-09-27 23:40:19,076 - src.services - WARNING - Некорректные данные в транзакции
2025-09-27 23:40:19,076 - src.services - WARNING - Некорректные данные в транзакции
2025-09-27 23:40:19,077 - src.services - WARNING - Некорректные данные в транзакции
2025-09-27 23:40:19,077 - src.services - WARNING - Некорректные данные в транзакции
2025-09-27 23:40:19,077 - src.services - WARNING - Некорректные данные в транзакции
2025-09-27 23:40:19,077 - src.services - WARNING - Некорректные данные в транзакции
2025-09-27 23:40:19,077 - src.services - WARNING - Некорректные данные в транзакции
2025-09-27 23:40:19,077 - src.services - WARNING - Некорректные данные в транзакции
2025-09-27 23:40:19,077 - src.services - WARNING - Некорректные данные в транзакции
2025-09-27 23:40:19,077 - src.services - WARNING - Некорректные данные в транзакции
2025-09-27 23:40:19,077 - src.services - WARNING - Некорректные данные в транзакции
2025-09-27 23:40:19,077 - src.services - WARNING - Некорректные данные в транзакции
2025-09-27 23:40:19,077 - src.services - WARNING - Некорректные данные в транзакции
2025-09-27 23:40:19,077 - src.services - WARNING - Некорректные данные в транзакции
2025-09-27 23:40:19,077 - src.services - WARNING - Некорректные данные в транзакции
2025-09-27 23:40:19,077 - src.services - WARNING - Некорректные данные в транзакции
2025-09-27 23:40:19,077 - src.services - WARNING - Некорректные данные в транзакции
2025-09-27 23:40:19,078 - src.services - WARNING - Некорректные данные в транзакции
2025-09-27 23:40:19,078 - src.services - WARNING - Некорректные данные в транзакции
2025-09-27 23:40:19,078 - src.services - WARNING - Некорректные данные в транзакции
2025-09-27 23:40:19,078 - src.services - WARNING - Некорректные данные в транзакции
2025-09-27 23:40:19,078 - src.services - WARNING - Некорректные данные в транзакции
2025-09-27 23:40:19,078 - src.services - WARNING - Некорректные данные в транзакции
2025-09-27 23:40:19,078 - src.services - WARNING - Некорректные данные в транзакции
2025-09-27 23:40:19,078 - src.services - WARNING - Некорректные данные в транзакции
2025-09-27 23:40:19,078 - src.services - WARNING - Некорректные данные в транзакции
2025-09-27 23:40:19,078 - src.services - WARNING - Некорректные данные в транзакции
2025-09-27 23:40:19,078 - src.services - WARNING - Некорректные данные в транзакции
2025-09-27 23:40:19,078 - src.services - WARNING - Некорректные данные в транзакции
2025-09-27 23:40:19,078 - src.services - WARNING - Некорректные данные в транзакции
2025-09-27 23:40:19,078 - src.services - WARNING - Некорректные данные в транзакции
2025-09-27 23:40:19,078 - src.services - WARNING - Некорректные данные в транзакции
2025-09-27 23:40:19,079 - src.services - WARNING - Некорректные данные в транзакции
2025-09-27 23:40:19,079 - src.services - WARNING - Некорректные данные в транзакции
2025-09-27 23:40:19,079 - src.services - WARNING - Некорректные данные в транзакции
2025-09-27 23:40:19,079 - src.services - WARNING - Некорректные данные в транзакции
2025-09-27 23:40:19,079 - src.services - WARNING - Некорректные данные в транзакции
2025-09-27 23:40:19,079 - src.services - WARNING - Некорректные данные в транзакции
2025-09-27 23:40:19,079 - src.services - WARNING - Некорректные данные в транзакции
2025-09-27 23:40:19,079 - src.services - WARNING - Некорректные данные в транзакции
2025-09-27 23:40:19,079 - src.services - WARNING - Некорректные данные в транзакции
2025-09-27 23:40:19,079 - src.services - WARNING - Некорректные данные в транзакции
2025-09-27 23:40:19,079 - src.services - WARNING - Некорректные данные в транзакции
2025-09-27 23:40:19,079 - src.services - WARNING - Некорректные данные в транзакции
2025-09-27 23:40:19,079 - src.services - WARNING - Некорректные данные в транзакции
2025-09-27 23:40:19,080 - src.services - WARNING - Некорректные данные в транзакции
2025-09-27 23:40:19,080 - src.services - WARNING - Некорректные данные в транзакции
2025-09-27 23:40:19,080 - src.services - WARNING - Некорректные данные в транзакции
2025-09-27 23:40:19,080 - src.services - WARNING - Некорректные данные в транзакции
2025-09-27 23:40:19,080 - src.services - WARNING - Некорректные данные в транзакции
2025-09-27 23:40:19,080 - src.services - WARNING - Некорректные данные в транзакции
2025-09-27 23:40:19,080 - src.services - WARNING - Некорректные данные в транзакции
2025-09-27 23:40:19,080 - src.services - WARNING - Некорректные данные в транзакции
2025-09-27 23:40:19,080 - src.services - WARNING - Некорректные данные в транзакции
2025-09-27 23:40:19,080 - src.services - WARNING - Некорректные данные в транзакции
2025-09-27 23:40:19,080 - src.services - WARNING - Некорректные данные в транзакции
2025-09-27 23:40:19,080 - src.services - WARNING - Некорректные данные в транзакции
2025-09-27 23:40:19,080 - src.services - WARNING - Некорректные данные в транзакции
2025-09-27 23:40:19,081 - src.services - WARNING - Некорректные данные в транзакции
2025-09-27 23:40:19,081 - src.services - WARNING - Некорректные данные в транзакции
2025-09-27 23:40:19,081 - src.services - WARNING - Некорректные данные в транзакции
2025-09-27 23:40:19,081 - src.services - WARNING - Некорректные данные в транзакции
2025-09-27 23:40:19,081 - src.services - WARNING - Некорректные данные в транзакции
2025-09-27 23:40:19,081 - src.services - WARNING - Некорректные данные в транзакции
2025-09-27 23:40:19,081 - src.services - WARNING - Некорректные данные в транзакции
2025-09-27 23:40:19,081 - src.services - WARNING - Некорректные данные в транзакции
2025-09-27 23:40:19,081 - src.services - WARNING - Некорректные данные в транзакции
2025-09-27 23:40:19,081 - src.services - WARNING - Некорректные данные в транзакции
2025-09-27 23:40:19,081 - src.services - WARNING - Некорректные данные в транзакции
2025-09-27 23:40:19,081 - src.services - WARNING - Некорректные данные в транзакции
2025-09-27 23:40:19,081 - src.services - WARNING - Некорректные данные в транзакции
2025-09-27 23:40:19,081 - src.services - WARNING - Некорректные данные в транзакции
2025-09-27 23:40:19,081 - src.services - WARNING - Некорректные данные в транзакции
2025-09-27 23:40:19,081 - src.services - WARNING - Некорректные данные в транзакции
2025-09-27 23:40:19,082 - src.services - WARNING - Некорректные данные в транзакции
2025-09-27 23:40:19,082 - src.services - WARNING - Некорректные данные в транзакции
2025-09-27 23:40:19,082 - src.services - WARNING - Некорректные данные в транзакции
2025-09-27 23:40:19,082 - src.services - WARNING - Некорректные данные в транзакции
2025-09-27 23:40:19,082 - src.services - WARNING - Некорректные данные в транзакции
2025-09-27 23:40:19,082 - src.services - WARNING - Некорректные данные в транзакции
2025-09-27 23:40:19,082 - src.services - WARNING - Некорректные данные в транзакции
2025-09-27 23:40:19,082 - src.services - WARNING - Некорректные данные в транзакции
2025-09-27 23:40:19,082 - src.services - WARNING - Некорректные данные в транзакции
2025-09-27 23:40:19,082 - src.services - WARNING - Некорректные данные в транзакции
2025-09-27 23:40:19,082 - src.services - WARNING - Некорректные данные в транзакции
2025-09-27 23:40:19,082 - src.services - WARNING - Некорректные данные в транзакции
2025-09-27 23:40:19,082 - src.services - WARNING - Некорректные данные в транзакции
2025-09-27 23:40:19,082 - src.services - WARNING - Некорректные данные в транзакции
2025-09-27 23:40:19,082 - src.services - WARNING - Некорректные данные в транзакции
2025-09-27 23:40:19,083 - src.services - WARNING - Некорректные данные в транзакции
2025-09-27 23:40:19,083 - src.services - WARNING - Некорректные данные в транзакции
2025-09-27 23:40:19,083 - src.services - WARNING - Некорректные данные в транзакции
2025-09-27 23:40:19,083 - src.services - WARNING - Некорректные данные в транзакции
2025-09-27 23:40:19,083 - src.services - WARNING - Некорректные данные в транзакции
2025-09-27 23:40:19,083 - src.services - WARNING - Некорректные данные в транзакции
2025-09-27 23:40:19,083 - src.services - WARNING - Некорректные данные в транзакции
2025-09-27 23:40:19,083 - src.services - WARNING - Некорректные данные в транзакции
2025-09-27 23:40:19,083 - src.services - WARNING - Некорректные данные в транзакции
2025-09-27 23:40:19,083 - src.services - WARNING - Некорректные данные в транзакции
2025-09-27 23:40:19,083 - src.services - WARNING - Некорректные данные в транзакции
2025-09-27 23:40:19,083 - src.services - WARNING - Некорректные данные в транзакции
2025-09-27 23:40:19,083 - src.services - WARNING - Некорректные данные в транзакции
2025-09-27 23:40:19,083 - src.services - WARNING - Некорректные данные в транзакции
2025-09-27 23:40:19,083 - src.services - WARNING - Некорректные данные в транзакции
2025-09-27 23:40:19,084 - src.services - WARNING - Некорректные данные в транзакции
2025-09-27 23:40:19,084 - src.services - WARNING - Некорректные данные в транзакции
2025-09-27 23:40:19,084 - src.services - WARNING - Некорректные данные в транзакции
2025-09-27 23:40:19,084 - src.services - WARNING - Некорректные данные в транзакции
2025-09-27 23:40:19,084 - src.services - WARNING - Некорректные данные в транзакции
2025-09-27 23:40:19,084 - src.services - WARNING - Некорректные данные в транзакции
2025-09-27 23:40:19,084 - src.services - WARNING - Некорректные данные в транзакции
2025-09-27 23:40:19,084 - src.services - WARNING - Некорректные данные в транзакции
2025-09-27 23:40:19,084 - src.services - WARNING - Некорректные данные в транзакции
2025-09-27 23:40:19,084 - src.services - WARNING - Некорректные данные в транзакции
2025-09-27 23:40:19,084 - src.services - WARNING - Некорректные данные в транзакции
2025-09-27 23:40:19,084 - src.services - WARNING - Некорректные данные в транзакции
2025-09-27 23:40:19,084 - src.services - WARNING - Некорректные данные в транзакции
2025-09-27 23:40:19,084 - src.services - WARNING - Некорректные данные в транзакции
2025-09-27 23:40:19,084 - src.services - WARNING - Некорректные данные в транзакции
2025-09-27 23:40:19,084 - src.services - WARNING - Некорректные данные в транзакции
2025-09-27 23:40:19,085 - src.services - WARNING - Некорректные данные в транзакции
2025-09-27 23:40:19,085 - src.services - WARNING - Некорректные данные в транзакции
2025-09-27 23:40:19,085 - src.services - WARNING - Некорректные данные в транзакции
2025-09-27 23:40:19,085 - src.services - WARNING - Некорректные данные в транзакции
2025-09-27 23:40:19,085 - src.services - WARNING - Некорректные данные в транзакции
2025-09-27 23:40:19,085 - src.services - WARNING - Некорректные данные в транзакции
2025-09-27 23:40:19,085 - src.services - WARNING - Некорректные данные в транзакции
2025-09-27 23:40:19,085 - src.services - WARNING - Некорректные данные в транзакции
2025-09-27 23:40:19,085 - src.services - WARNING - Некорректные данные в транзакции
2025-09-27 23:40:19,085 - src.services - WARNING - Некорректные данные в транзакции
2025-09-27 23:40:19,085 - src.services - WARNING - Некорректные данные в транзакции
2025-09-27 23:40:19,085 - src.services - WARNING - Некорректные данные в транзакции
2025-09-27 23:40:19,085 - src.services - WARNING - Некорректные данные в транзакции
2025-09-27 23:40:19,085 - src.services - WARNING - Некорректные данные в транзакции
2025-09-27 23:40:19,085 - src.services - WARNING - Некорректные данные в транзакции
2025-09-27 23:40:19,086 - src.services - WARNING - Некорректные данные в транзакции
2025-09-27 23:40:19,086 - src.services - WARNING - Некорректные данные в транзакции
2025-09-27 23:40:19,086 - src.services - WARNING - Некорректные данные в транзакции
2025-09-27 23:40:19,086 - src.services - WARNING - Некорректные данные в транзакции
2025-09-27 23:40:19,086 - src.services - WARNING - Некорректные данные в транзакции
2025-09-27 23:40:19,086 - src.services - WARNING - Некорректные данные в транзакции
2025-09-27 23:40:19,086 - src.services - WARNING - Некорректные данные в транзакции
2025-09-27 23:40:19,086 - src.services - WARNING - Некорректные данные в транзакции
2025-09-27 23:40:19,086 - src.services - WARNING - Некорректные данные в транзакции
2025-09-27 23:40:19,086 - src.services - WARNING - Некорректные данные в транзакции
2025-09-27 23:40:19,086 - src.services - WARNING - Некорректные данные в транзакции
2025-09-27 23:40:19,086 - src.services - WARNING - Некорректные данные в транзакции
2025-09-27 23:40:19,086 - src.services - WARNING - Некорректные данные в транзакции
2025-09-27 23:40:19,086 - src.services - WARNING - Некорректные данные в транзакции
2025-09-27 23:40:19,087 - src.services - WARNING - Некорректные данные в транзакции
2025-09-27 23:40:19,087 - src.services - WARNING - Некорректные данные в транзакции
2025-09-27 23:40:19,087 - src.services - WARNING - Некорректные данные в транзакции
2025-09-27 23:40:19,087 - src.services - WARNING - Некорректные данные в транзакции
2025-09-27 23:40:19,087 - src.services - WARNING - Некорректные данные в транзакции
2025-09-27 23:40:19,087 - src.services - WARNING - Некорректные данные в транзакции
2025-09-27 23:40:19,087 - src.services - WARNING - Некорректные данные в транзакции
2025-09-27 23:40:19,087 - src.services - WARNING - Некорректные данные в транзакции
2025-09-27 23:40:19,087 - src.services - WARNING - Некорректные данные в транзакции
2025-09-27 23:40:19,087 - src.services - WARNING - Некорректные данные в транзакции
2025-09-27 23:40:19,087 - src.services - WARNING - Некорректные данные в транзакции
2025-09-27 23:40:19,087 - src.services - WARNING - Некорректные данные в транзакции
2025-09-27 23:40:19,087 - src.services - WARNING - Некорректные данные в транзакции
2025-09-27 23:40:19,087 - src.services - WARNING - Некорректные данные в транзакции
2025-09-27 23:40:19,087 - src.services - WARNING - Некорректные данные в транзакции
2025-09-27 23:40:19,087 - src.services - WARNING - Некорректные данные в транзакции
2025-09-27 23:40:19,088 - src.services - WARNING - Некорректные данные в транзакции
2025-09-27 23:40:19,088 - src.services - WARNING - Некорректные данные в транзакции
2025-09-27 23:40:19,088 - src.services - WARNING - Некорректные данные в транзакции
2025-09-27 23:40:19,088 - src.services - WARNING - Некорректные данные в транзакции
2025-09-27 23:40:19,088 - src.services - WARNING - Некорректные данные в транзакции
2025-09-27 23:40:19,088 - src.services - WARNING - Некорректные данные в транзакции
2025-09-27 23:40:19,088 - src.services - WARNING - Некорректные данные в транзакции
2025-09-27 23:40:19,088 - src.services - WARNING - Некорректные данные в транзакции
2025-09-27 23:40:19,088 - src.services - WARNING - Некорректные данные в транзакции
2025-09-27 23:40:19,088 - src.services - WARNING - Некорректные данные в транзакции
2025-09-27 23:40:19,088 - src.services - WARNING - Некорректные данные в транзакции
2025-09-27 23:40:19,088 - src.services - WARNING - Некорректные данные в транзакции
2025-09-27 23:40:19,088 - src.services - WARNING - Некорректные данные в транзакции
2025-09-27 23:40:19,088 - src.services - WARNING - Некорректные данные в транзакции
2025-09-27 23:40:19,088 - src.services - WARNING - Некорректные данные в транзакции
2025-09-27 23:40:19,089 - src.services - WARNING - Некорректные данные в транзакции
2025-09-27 23:40:19,089 - src.services - WARNING - Некорректные данные в транзакции
2025-09-27 23:40:19,089 - src.services - WARNING - Некорректные данные в транзакции
2025-09-27 23:40:19,089 - src.services - WARNING - Некорректные данные в транзакции
2025-09-27 23:40:19,089 - src.services - WARNING - Некорректные данные в транзакции
2025-09-27 23:40:19,089 - src.services - WARNING - Некорректные данные в транзакции
2025-09-27 23:40:19,089 - src.services - WARNING - Некорректные данные в транзакции
2025-09-27 23:40:19,089 - src.services - WARNING - Некорректные данные в транзакции
2025-09-27 23:40:19,089 - src.services - WARNING - Некорректные данные в транзакции
2025-09-27 23:40:19,089 - src.services - WARNING - Некорректные данные в транзакции
2025-09-27 23:40:19,089 - src.services - WARNING - Некорректные данные в транзакции
2025-09-27 23:40:19,089 - src.services - WARNING - Некорректные данные в транзакции
2025-09-27 23:40:19,089 - src.services - WARNING - Некорректные данные в транзакции
2025-09-27 23:40:19,089 - src.services - WARNING - Некорректные данные в транзакции
2025-09-27 23:40:19,089 - src.services - WARNING - Некорректные данные в транзакции
2025-09-27 23:40:19,089 - src.services - WARNING - Некорректные данные в транзакции
2025-09-27 23:40:19,090 - src.services - WARNING - Некорректные данные в транзакции
2025-09-27 23:40:19,090 - src.services - WARNING - Некорректные данные в транзакции
2025-09-27 23:40:19,090 - src.services - WARNING - Некорректные данные в транзакции
2025-09-27 23:40:19,090 - src.services - WARNING - Некорректные данные в транзакции
2025-09-27 23:40:19,090 - src.services - WARNING - Некорректные данные в транзакции
2025-09-27 23:40:19,090 - src.services - WARNING - Некорректные данные в транзакции
2025-09-27 23:40:19,090 - src.services - WARNING - Некорректные данные в транзакции
2025-09-27 23:40:19,090 - src.services - WARNING - Некорректные данные в транзакции
2025-09-27 23:40:19,090 - src.services - WARNING - Некорректные данные в транзакции
2025-09-27 23:40:19,090 - src.services - WARNING - Некорректные данные в транзакции
2025-09-27 23:40:19,090 - src.services - WARNING - Некорректные данные в транзакции
2025-09-27 23:40:19,090 - src.services - WARNING - Некорректные данные в транзакции
2025-09-27 23:40:19,090 - src.services - WARNING - Некорректные данные в транзакции
2025-09-27 23:40:19,090 - src.services - WARNING - Некорректные данные в транзакции
2025-09-27 23:40:19,090 - src.services - WARNING - Некорректные данные в транзакции
2025-09-27 23:40:19,091 - src.services - WARNING - Некорректные данные в транзакции
2025-09-27 23:40:19,091 - src.services - WARNING - Некорректные данные в транзакции
2025-09-27 23:40:19,091 - src.services - WARNING - Некорректные данные в транзакции
2025-09-27 23:40:19,091 - src.services - WARNING - Некорректные данные в транзакции
2025-09-27 23:40:19,091 - src.services - WARNING - Некорректные данные в транзакции
2025-09-27 23:40:19,091 - src.services - WARNING - Некорректные данные в транзакции
2025-09-27 23:40:19,091 - src.services - WARNING - Некорректные данные в транзакции
2025-09-27 23:40:19,091 - src.services - WARNING - Некорректные данные в транзакции
2025-09-27 23:40:19,091 - src.services - WARNING - Некорректные данные в транзакции
2025-09-27 23:40:19,091 - src.services - WARNING - Некорректные данные в транзакции
2025-09-27 23:40:19,091 - src.services - WARNING - Некорректные данные в транзакции
2025-09-27 23:40:19,091 - src.services - WARNING - Некорректные данные в транзакции
2025-09-27 23:40:19,091 - src.services - WARNING - Некорректные данные в транзакции
2025-09-27 23:40:19,091 - src.services - WARNING - Некорректные данные в транзакции
2025-09-27 23:40:19,091 - src.services - WARNING - Некорректные данные в транзакции
2025-09-27 23:40:19,091 - src.services - WARNING - Некорректные данные в транзакции
2025-09-27 23:40:19,092 - src.services - WARNING - Некорректные данные в транзакции
2025-09-27 23:40:19,092 - src.services - WARNING - Некорректные данные в транзакции
2025-09-27 23:40:19,092 - src.services - WARNING - Некорректные данные в транзакции
2025-09-27 23:40:19,092 - src.services - WARNING - Некорректные данные в транзакции
2025-09-27 23:40:19,092 - src.services - WARNING - Некорректные данные в транзакции
2025-09-27 23:40:19,092 - src.services - WARNING - Некорректные данные в транзакции
2025-09-27 23:40:19,092 - src.services - WARNING - Некорректные данные в транзакции
2025-09-27 23:40:19,092 - src.services - WARNING - Некорректные данные в транзакции
2025-09-27 23:40:19,092 - src.services - WARNING - Некорректные данные в транзакции
2025-09-27 23:40:19,093 - src.services - WARNING - Некорректные данные в транзакции
2025-09-27 23:40:19,093 - src.services - WARNING - Некорректные данные в транзакции
2025-09-27 23:40:19,093 - src.services - WARNING - Некорректные данные в транзакции
2025-09-27 23:40:19,093 - src.services - WARNING - Некорректные данные в транзакции
2025-09-27 23:40:19,093 - src.services - WARNING - Некорректные данные в транзакции
2025-09-27 23:40:19,093 - src.services - WARNING - Некорректные данные в транзакции
2025-09-27 23:40:19,093 - src.services - WARNING - Некорректные данные в транзакции
2025-09-27 23:40:19,093 - src.services - WARNING - Некорректные данные в транзакции
2025-09-27 23:40:19,093 - src.services - WARNING - Некорректные данные в транзакции
2025-09-27 23:40:19,093 - src.services - WARNING - Некорректные данные в транзакции
2025-09-27 23:40:19,093 - src.services - WARNING - Некорректные данные в транзакции
2025-09-27 23:40:19,093 - src.services - WARNING - Некорректные данные в транзакции
2025-09-27 23:40:19,093 - src.services - WARNING - Некорректные данные в транзакции
2025-09-27 23:40:19,093 - src.services - WARNING - Некорректные данные в транзакции
2025-09-27 23:40:19,094 - src.services - WARNING - Некорректные данные в транзакции
2025-09-27 23:40:19,094 - src.services - WARNING - Некорректные данные в транзакции
2025-09-27 23:40:19,094 - src.services - WARNING - Некорректные данные в транзакции
2025-09-27 23:40:19,094 - src.services - WARNING - Некорректные данные в транзакции
2025-09-27 23:40:19,094 - src.services - WARNING - Некорректные данные в транзакции
2025-09-27 23:40:19,094 - src.services - WARNING - Некорректные данные в транзакции
2025-09-27 23:40:19,094 - src.services - WARNING - Некорректные данные в транзакции
2025-09-27 23:40:19,094 - src.services - WARNING - Некорректные данные в транзакции
2025-09-27 23:40:19,094 - src.services - WARNING - Некорректные данные в транзакции
2025-09-27 23:40:19,094 - src.services - WARNING - Некорректные данные в транзакции
2025-09-27 23:40:19,094 - src.services - WARNING - Некорректные данные в транзакции
2025-09-27 23:40:19,094 - src.services - WARNING - Некорректные данные в транзакции
2025-09-27 23:40:19,094 - src.services - WARNING - Некорректные данные в транзакции
2025-09-27 23:40:19,095 - src.services - WARNING - Некорректные данные в транзакции
2025-09-27 23:40:19,095 - src.services - WARNING - Некорректные данные в транзакции
2025-09-27 23:40:19,095 - src.services - WARNING - Некорректные данные в транзакции
2025-09-27 23:40:19,095 - src.services - WARNING - Некорректные данные в транзакции
2025-09-27 23:40:19,095 - src.services - WARNING - Некорректные данные в транзакции
2025-09-27 23:40:19,095 - src.services - WARNING - Некорректные данные в транзакции
2025-09-27 23:40:19,095 - src.services - WARNING - Некорректные данные в транзакции
2025-09-27 23:40:19,095 - src.services - WARNING - Некорректные данные в транзакции
2025-09-27 23:40:19,095 - src.services - WARNING - Некорректные данные в транзакции
2025-09-27 23:40:19,095 - src.services - WARNING - Некорректные данные в транзакции
2025-09-27 23:40:19,095 - src.services - WARNING - Некорректные данные в транзакции
2025-09-27 23:40:19,095 - src.services - WARNING - Некорректные данные в транзакции
2025-09-27 23:40:19,095 - src.services - WARNING - Некорректные данные в транзакции
2025-09-27 23:40:19,095 - src.services - WARNING - Некорректные данные в транзакции
2025-09-27 23:40:19,096 - src.services - WARNING - Некорректные данные в транзакции
2025-09-27 23:40:19,096 - src.services - WARNING - Некорректные данные в транзакции
2025-09-27 23:40:19,096 - src.services - WARNING - Некорректные данные в транзакции
2025-09-27 23:40:19,096 - src.services - WARNING - Некорректные данные в транзакции
2025-09-27 23:40:19,096 - src.services - WARNING - Некорректные данные в транзакции
2025-09-27 23:40:19,096 - src.services - WARNING - Некорректные данные в транзакции
2025-09-27 23:40:19,096 - src.services - WARNING - Некорректные данные в транзакции
2025-09-27 23:40:19,096 - src.services - WARNING - Некорректные данные в транзакции
2025-09-27 23:40:19,096 - src.services - WARNING - Некорректные данные в транзакции
2025-09-27 23:40:19,096 - src.services - WARNING - Некорректные данные в транзакции
2025-09-27 23:40:19,096 - src.services - WARNING - Некорректные данные в транзакции
2025-09-27 23:40:19,096 - src.services - WARNING - Некорректные данные в транзакции
2025-09-27 23:40:19,096 - src.services - WARNING - Некорректные данные в транзакции
2025-09-27 23:40:19,096 - src.services - WARNING - Некорректные данные в транзакции
2025-09-27 23:40:19,097 - src.services - WARNING - Некорректные данные в транзакции
2025-09-27 23:40:19,097 - src.services - WARNING - Некорректные данные в транзакции
2025-09-27 23:40:19,097 - src.services - WARNING - Некорректные данные в транзакции
2025-09-27 23:40:19,097 - src.services - WARNING - Некорректные данные в транзакции
2025-09-27 23:40:19,097 - src.services - WARNING - Некорректные данные в транзакции
2025-09-27 23:40:19,097 - src.services - WARNING - Некорректные данные в транзакции
2025-09-27 23:40:19,097 - src.services - WARNING - Некорректные данные в транзакции
2025-09-27 23:40:19,097 - src.services - WARNING - Некорректные данные в транзакции
2025-09-27 23:40:19,097 - src.services - WARNING - Некорректные данные в транзакции
2025-09-27 23:40:19,097 - src.services - WARNING - Некорректные данные в транзакции
2025-09-27 23:40:19,097 - src.services - WARNING - Некорректные данные в транзакции
2025-09-27 23:40:19,097 - src.services - WARNING - Некорректные данные в транзакции
2025-09-27 23:40:19,097 - src.services - WARNING - Некорректные данные в транзакции
2025-09-27 23:40:19,097 - src.services - WARNING - Некорректные данные в транзакции
2025-09-27 23:40:19,097 - src.services - WARNING - Некорректные данные в транзакции
2025-09-27 23:40:19,098 - src.services - WARNING - Некорректные данные в транзакции
2025-09-27 23:40:19,098 - src.services - WARNING - Некорректные данные в транзакции
2025-09-27 23:40:19,098 - src.services - WARNING - Некорректные данные в транзакции
2025-09-27 23:40:19,098 - src.services - WARNING - Некорректные данные в транзакции
2025-09-27 23:40:19,098 - src.services - WARNING - Некорректные данные в транзакции
2025-09-27 23:40:19,098 - src.services - WARNING - Некорректные данные в транзакции
2025-09-27 23:40:19,098 - src.services - WARNING - Некорректные данные в транзакции
2025-09-27 23:40:19,098 - src.services - WARNING - Некорректные данные в транзакции
2025-09-27 23:40:19,098 - src.services - WARNING - Некорректные данные в транзакции
2025-09-27 23:40:19,098 - src.services - WARNING - Некорректные данные в транзакции
2025-09-27 23:40:19,098 - src.services - WARNING - Некорректные данные в транзакции
2025-09-27 23:40:19,098 - src.services - WARNING - Некорректные данные в транзакции
2025-09-27 23:40:19,098 - src.services - WARNING - Некорректные данные в транзакции
2025-09-27 23:40:19,098 - src.services - WARNING - Некорректные данные в транзакции
2025-09-27 23:40:19,098 - src.services - WARNING - Некорректные данные в транзакции
2025-09-27 23:40:19,098 - src.services - WARNING - Некорректные данные в транзакции
2025-09-27 23:40:19,099 - src.services - WARNING - Некорректные данные в транзакции
2025-09-27 23:40:19,099 - src.services - WARNING - Некорректные данные в транзакции
2025-09-27 23:40:19,099 - src.services - WARNING - Некорректные данные в транзакции
2025-09-27 23:40:19,099 - src.services - WARNING - Некорректные данные в транзакции
2025-09-27 23:40:19,099 - src.services - WARNING - Некорректные данные в транзакции
2025-09-27 23:40:19,099 - src.services - WARNING - Некорректные данные в транзакции
2025-09-27 23:40:19,099 - src.services - WARNING - Некорректные данные в транзакции
2025-09-27 23:40:19,099 - src.services - WARNING - Некорректные данные в транзакции
2025-09-27 23:40:19,099 - src.services - WARNING - Некорректные данные в транзакции
2025-09-27 23:40:19,099 - src.services - WARNING - Некорректные данные в транзакции
2025-09-27 23:40:19,099 - src.services - WARNING - Некорректные данные в транзакции
2025-09-27 23:40:19,099 - src.services - WARNING - Некорректные данные в транзакции
2025-09-27 23:40:19,099 - src.services - WARNING - Некорректные данные в транзакции
2025-09-27 23:40:19,099 - src.services - WARNING - Некорректные данные в транзакции
2025-09-27 23:40:19,100 - src.services - WARNING - Некорректные данные в транзакции
2025-09-27 23:40:19,100 - src.services - WARNING - Некорректные данные в транзакции
2025-09-27 23:40:19,100 - src.services - WARNING - Некорректные данные в транзакции
2025-09-27 23:40:19,100 - src.services - WARNING - Некорректные данные в транзакции
2025-09-27 23:40:19,100 - src.services - WARNING - Некорректные данные в транзакции
2025-09-27 23:40:19,100 - src.services - WARNING - Некорректные данные в транзакции
2025-09-27 23:40:19,100 - src.services - WARNING - Некорректные данные в транзакции
2025-09-27 23:40:19,100 - src.services - WARNING - Некорректные данные в транзакции
2025-09-27 23:40:19,100 - src.services - WARNING - Некорректные данные в транзакции
2025-09-27 23:40:19,100 - src.services - WARNING - Некорректные данные в транзакции
2025-09-27 23:40:19,100 - src.services - WARNING - Некорректные данные в транзакции
2025-09-27 23:40:19,100 - src.services - WARNING - Некорректные данные в транзакции
2025-09-27 23:40:19,100 - src.services - WARNING - Некорректные данные в транзакции
2025-09-27 23:40:19,100 - src.services - WARNING - Некорректные данные в транзакции
2025-09-27 23:40:19,100 - src.services - WARNING - Некорректные данные в транзакции
2025-09-27 23:40:19,101 - src.services - WARNING - Некорректные данные в транзакции
2025-09-27 23:40:19,101 - src.services - WARNING - Некорректные данные в транзакции
2025-09-27 23:40:19,101 - src.services - WARNING - Некорректные данные в транзакции
2025-09-27 23:40:19,101 - src.services - WARNING - Некорректные данные в транзакции
2025-09-27 23:40:19,101 - src.services - WARNING - Некорректные данные в транзакции
2025-09-27 23:40:19,101 - src.services - WARNING - Некорректные данные в транзакции
2025-09-27 23:40:19,101 - src.services - WARNING - Некорректные данные в транзакции
2025-09-27 23:40:19,101 - src.services - WARNING - Некорректные данные в транзакции
2025-09-27 23:40:19,101 - src.services - WARNING - Некорректные данные в транзакции
2025-09-27 23:40:19,101 - src.services - WARNING - Некорректные данные в транзакции
2025-09-27 23:40:19,101 - src.services - WARNING - Некорректные данные в транзакции
2025-09-27 23:40:19,101 - src.services - WARNING - Некорректные данные в транзакции
2025-09-27 23:40:19,101 - src.services - WARNING - Некорректные данные в транзакции
2025-09-27 23:40:19,101 - src.services - WARNING - Некорректные данные в транзакции
2025-09-27 23:40:19,101 - src.services - WARNING - Некорректные данные в транзакции
2025-09-27 23:40:19,101 - src.services - WARNING - Некорректные данные в транзакции
2025-09-27 23:40:19,102 - src.services - WARNING - Некорректные данные в транзакции
2025-09-27 23:40:19,102 - src.services - WARNING - Некорректные данные в транзакции
2025-09-27 23:40:19,102 - src.services - WARNING - Некорректные данные в транзакции
2025-09-27 23:40:19,102 - src.services - WARNING - Некорректные данные в транзакции
2025-09-27 23:40:19,102 - src.services - WARNING - Некорректные данные в транзакции
2025-09-27 23:40:19,102 - src.services - WARNING - Некорректные данные в транзакции
2025-09-27 23:40:19,102 - src.services - WARNING - Некорректные данные в транзакции
2025-09-27 23:40:19,102 - src.services - WARNING - Некорректные данные в транзакции
2025-09-27 23:40:19,102 - src.services - WARNING - Некорректные данные в транзакции
2025-09-27 23:40:19,102 - src.services - WARNING - Некорректные данные в транзакции
2025-09-27 23:40:19,102 - src.services - WARNING - Некорректные данные в транзакции
2025-09-27 23:40:19,102 - src.services - WARNING - Некорректные данные в транзакции
2025-09-27 23:40:19,102 - src.services - WARNING - Некорректные данные в транзакции
2025-09-27 23:40:19,102 - src.services - WARNING - Некорректные данные в транзакции
2025-09-27 23:40:19,102 - src.services - WARNING - Некорректные данные в транзакции
2025-09-27 23:40:19,102 - src.services - WARNING - Некорректные данные в транзакции
2025-09-27 23:40:19,103 - src.services - WARNING - Некорректные данные в транзакции
2025-09-27 23:40:19,103 - src.services - WARNING - Некорректные данные в транзакции
2025-09-27 23:40:19,103 - src.services - WARNING - Некорректные данные в транзакции
2025-09-27 23:40:19,103 - src.services - WARNING - Некорректные данные в транзакции
2025-09-27 23:40:19,103 - src.services - WARNING - Некорректные данные в транзакции
2025-09-27 23:40:19,103 - src.services - WARNING - Некорректные данные в транзакции
2025-09-27 23:40:19,103 - src.services - WARNING - Некорректные данные в транзакции
2025-09-27 23:40:19,103 - src.services - WARNING - Некорректные данные в транзакции
2025-09-27 23:40:19,103 - src.services - WARNING - Некорректные данные в транзакции
2025-09-27 23:40:19,103 - src.services - WARNING - Некорректные данные в транзакции
2025-09-27 23:40:19,103 - src.services - WARNING - Некорректные данные в транзакции
2025-09-27 23:40:19,103 - src.services - WARNING - Некорректные данные в транзакции
2025-09-27 23:40:19,103 - src.services - WARNING - Некорректные данные в транзакции
2025-09-27 23:40:19,103 - src.services - WARNING - Некорректные данные в транзакции
2025-09-27 23:40:19,103 - src.services - WARNING - Некорректные данные в транзакции
2025-09-27 23:40:19,104 - src.services - WARNING - Некорректные данные в транзакции
2025-09-27 23:40:19,104 - src.services - WARNING - Некорректные данные в транзакции
2025-09-27 23:40:19,104 - src.services - WARNING - Некорректные данные в транзакции
2025-09-27 23:40:19,104 - src.services - WARNING - Некорректные данные в транзакции
2025-09-27 23:40:19,104 - src.services - WARNING - Некорректные данные в транзакции
2025-09-27 23:40:19,104 - src.services - WARNING - Некорректные данные в транзакции
2025-09-27 23:40:19,104 - src.services - WARNING - Некорректные данные в транзакции
2025-09-27 23:40:19,104 - src.services - WARNING - Некорректные данные в транзакции
2025-09-27 23:40:19,104 - src.services - WARNING - Некорректные данные в транзакции
2025-09-27 23:40:19,104 - src.services - WARNING - Некорректные данные в транзакции
2025-09-27 23:40:19,104 - src.services - WARNING - Некорректные данные в транзакции
2025-09-27 23:40:19,104 - src.services - WARNING - Некорректные данные в транзакции
2025-09-27 23:40:19,104 - src.services - WARNING - Некорректные данные в транзакции
2025-09-27 23:40:19,104 - src.services - WARNING - Некорректные данные в транзакции
2025-09-27 23:40:19,104 - src.services - WARNING - Некорректные данные в транзакции
2025-09-27 23:40:19,104 - src.services - WARNING - Некорректные данные в транзакции
2025-09-27 23:40:19,105 - src.services - WARNING - Некорректные данные в транзакции
2025-09-27 23:40:19,105 - src.services - WARNING - Некорректные данные в транзакции
2025-09-27 23:40:19,105 - src.services - WARNING - Некорректные данные в транзакции
2025-09-27 23:40:19,105 - src.services - WARNING - Некорректные данные в транзакции
2025-09-27 23:40:19,105 - src.services - WARNING - Некорректные данные в транзакции
2025-09-27 23:40:19,105 - src.services - WARNING - Некорректные данные в транзакции
2025-09-27 23:40:19,105 - src.services - WARNING - Некорректные данные в транзакции
2025-09-27 23:40:19,105 - src.services - WARNING - Некорректные данные в транзакции
2025-09-27 23:40:19,105 - src.services - WARNING - Некорректные данные в транзакции
2025-09-27 23:40:19,105 - src.services - WARNING - Некорректные данные в транзакции
2025-09-27 23:40:19,105 - src.services - WARNING - Некорректные данные в транзакции
2025-09-27 23:40:19,105 - src.services - WARNING - Некорректные данные в транзакции
2025-09-27 23:40:19,105 - src.services - WARNING - Некорректные данные в транзакции
2025-09-27 23:40:19,105 - src.services - WARNING - Некорректные данные в транзакции
2025-09-27 23:40:19,105 - src.services - WARNING - Некорректные данные в транзакции
2025-09-27 23:40:19,106 - src.services - WARNING - Некорректные данные в транзакции
2025-09-27 23:40:19,106 - src.services - WARNING - Некорректные данные в транзакции
2025-09-27 23:40:19,106 - src.services - WARNING - Некорректные данные в транзакции
2025-09-27 23:40:19,106 - src.services - WARNING - Некорректные данные в транзакции
2025-09-27 23:40:19,106 - src.services - WARNING - Некорректные данные в транзакции
2025-09-27 23:40:19,106 - src.services - WARNING - Некорректные данные в транзакции
2025-09-27 23:40:19,106 - src.services - WARNING - Некорректные данные в транзакции
2025-09-27 23:40:19,106 - src.services - WARNING - Некорректные данные в транзакции
2025-09-27 23:40:19,106 - src.services - WARNING - Некорректные данные в транзакции
2025-09-27 23:40:19,106 - src.services - WARNING - Некорректные данные в транзакции
2025-09-27 23:40:19,106 - src.services - WARNING - Некорректные данные в транзакции
2025-09-27 23:40:19,106 - src.services - WARNING - Некорректные данные в транзакции
2025-09-27 23:40:19,106 - src.services - INFO - Сервис investment_bank выполнен успешно
